# JRE version: OpenJDK Runtime Environment (8.0_212-b04) (build 1.8.0_212-release-1586-b04)
# Java VM: OpenJDK 64-Bit Server VM (25.212-b04 mixed mode windows-amd64 compressed oops)
Heap:
 PSYoungGen      total 212992K, used 101644K [0x00000000e0000000, 0x00000000eeb80000, 0x0000000100000000)
  eden space 194048K, 42% used [0x00000000e0000000,0x00000000e50c7a70,0x00000000ebd80000)
  from space 18944K, 99% used [0x00000000ed580000,0x00000000ee7fb730,0x00000000ee800000)
  to   space 23552K, 0% used [0x00000000ebd80000,0x00000000ebd80000,0x00000000ed480000)
 ParOldGen       total 134144K, used 40409K [0x00000000a0000000, 0x00000000a8300000, 0x00000000e0000000)
  object space 134144K, 30% used [0x00000000a0000000,0x00000000a27765a0,0x00000000a8300000)
 Metaspace       used 76554K, capacity 80072K, committed 80256K, reserved 1118208K
  class space    used 10263K, capacity 11088K, committed 11136K, reserved 1048576K
GC Heap History (10 events):
Event: 10.536 GC heap before
{Heap before GC invocations=13 (full 2):
 PSYoungGen      total 144384K, used 144363K [0x00000000e0000000, 0x00000000ea700000, 0x0000000100000000)
  eden space 131584K, 100% used [0x00000000e0000000,0x00000000e8080000,0x00000000e8080000)
  from space 12800K, 99% used [0x00000000e9a80000,0x00000000ea6fad90,0x00000000ea700000)
  to   space 14336K, 0% used [0x00000000e8b00000,0x00000000e8b00000,0x00000000e9900000)
 ParOldGen       total 91648K, used 18987K [0x00000000a0000000, 0x00000000a5980000, 0x00000000e0000000)
  object space 91648K, 20% used [0x00000000a0000000,0x00000000a128ae28,0x00000000a5980000)
 Metaspace       used 53728K, capacity 55662K, committed 55808K, reserved 1097728K
  class space    used 7362K, capacity 7860K, committed 7936K, reserved 1048576K
Event: 10.563 GC heap after
Heap after GC invocations=13 (full 2):
 PSYoungGen      total 156672K, used 14281K [0x00000000e0000000, 0x00000000ec300000, 0x0000000100000000)
  eden space 142336K, 0% used [0x00000000e0000000,0x00000000e0000000,0x00000000e8b00000)
  from space 14336K, 99% used [0x00000000e8b00000,0x00000000e98f2538,0x00000000e9900000)
  to   space 15872K, 0% used [0x00000000eb380000,0x00000000eb380000,0x00000000ec300000)
 ParOldGen       total 91648K, used 25105K [0x00000000a0000000, 0x00000000a5980000, 0x00000000e0000000)
  object space 91648K, 27% used [0x00000000a0000000,0x00000000a1884450,0x00000000a5980000)
 Metaspace       used 53728K, capacity 55662K, committed 55808K, reserved 1097728K
  class space    used 7362K, capacity 7860K, committed 7936K, reserved 1048576K
}
Event: 11.362 GC heap before
{Heap before GC invocations=14 (full 2):
 PSYoungGen      total 156672K, used 85448K [0x00000000e0000000, 0x00000000ec300000, 0x0000000100000000)
  eden space 142336K, 49% used [0x00000000e0000000,0x00000000e457fb98,0x00000000e8b00000)
  from space 14336K, 99% used [0x00000000e8b00000,0x00000000e98f2538,0x00000000e9900000)
  to   space 15872K, 0% used [0x00000000eb380000,0x00000000eb380000,0x00000000ec300000)
 ParOldGen       total 91648K, used 25105K [0x00000000a0000000, 0x00000000a5980000, 0x00000000e0000000)
  object space 91648K, 27% used [0x00000000a0000000,0x00000000a1884450,0x00000000a5980000)
 Metaspace       used 56957K, capacity 59078K, committed 59136K, reserved 1099776K
  class space    used 7906K, capacity 8443K, committed 8448K, reserved 1048576K
Event: 11.387 GC heap after
Heap after GC invocations=14 (full 2):
 PSYoungGen      total 182784K, used 12488K [0x00000000e0000000, 0x00000000ed500000, 0x0000000100000000)
  eden space 166912K, 0% used [0x00000000e0000000,0x00000000e0000000,0x00000000ea300000)
  from space 15872K, 78% used [0x00000000eb380000,0x00000000ebfb22b8,0x00000000ec300000)
  to   space 16896K, 0% used [0x00000000ea300000,0x00000000ea300000,0x00000000eb380000)
 ParOldGen       total 91648K, used 25113K [0x00000000a0000000, 0x00000000a5980000, 0x00000000e0000000)
  object space 91648K, 27% used [0x00000000a0000000,0x00000000a1886450,0x00000000a5980000)
 Metaspace       used 56957K, capacity 59078K, committed 59136K, reserved 1099776K
  class space    used 7906K, capacity 8443K, committed 8448K, reserved 1048576K
}
Event: 11.387 GC heap before
{Heap before GC invocations=15 (full 3):
 PSYoungGen      total 182784K, used 12488K [0x00000000e0000000, 0x00000000ed500000, 0x0000000100000000)
  eden space 166912K, 0% used [0x00000000e0000000,0x00000000e0000000,0x00000000ea300000)
  from space 15872K, 78% used [0x00000000eb380000,0x00000000ebfb22b8,0x00000000ec300000)
  to   space 16896K, 0% used [0x00000000ea300000,0x00000000ea300000,0x00000000eb380000)
 ParOldGen       total 91648K, used 25113K [0x00000000a0000000, 0x00000000a5980000, 0x00000000e0000000)
  object space 91648K, 27% used [0x00000000a0000000,0x00000000a1886450,0x00000000a5980000)
 Metaspace       used 56957K, capacity 59078K, committed 59136K, reserved 1099776K
  class space    used 7906K, capacity 8443K, committed 8448K, reserved 1048576K
Event: 11.724 GC heap after
Heap after GC invocations=15 (full 3):
 PSYoungGen      total 182784K, used 0K [0x00000000e0000000, 0x00000000ed500000, 0x0000000100000000)
  eden space 166912K, 0% used [0x00000000e0000000,0x00000000e0000000,0x00000000ea300000)
  from space 15872K, 0% used [0x00000000eb380000,0x00000000eb380000,0x00000000ec300000)
  to   space 16896K, 0% used [0x00000000ea300000,0x00000000ea300000,0x00000000eb380000)
 ParOldGen       total 134144K, used 33811K [0x00000000a0000000, 0x00000000a8300000, 0x00000000e0000000)
  object space 134144K, 25% used [0x00000000a0000000,0x00000000a2104d68,0x00000000a8300000)
 Metaspace       used 56951K, capacity 59060K, committed 59136K, reserved 1099776K
  class space    used 7904K, capacity 8440K, committed 8448K, reserved 1048576K
}
Event: 15.267 GC heap before
{Heap before GC invocations=16 (full 3):
 PSYoungGen      total 182784K, used 166912K [0x00000000e0000000, 0x00000000ed500000, 0x0000000100000000)
  eden space 166912K, 100% used [0x00000000e0000000,0x00000000ea300000,0x00000000ea300000)
  from space 15872K, 0% used [0x00000000eb380000,0x00000000eb380000,0x00000000ec300000)
  to   space 16896K, 0% used [0x00000000ea300000,0x00000000ea300000,0x00000000eb380000)
 ParOldGen       total 134144K, used 33811K [0x00000000a0000000, 0x00000000a8300000, 0x00000000e0000000)
  object space 134144K, 25% used [0x00000000a0000000,0x00000000a2104d68,0x00000000a8300000)
 Metaspace       used 65835K, capacity 68526K, committed 68736K, reserved 1107968K
  class space    used 9141K, capacity 9752K, committed 9856K, reserved 1048576K
Event: 15.285 GC heap after
Heap after GC invocations=16 (full 3):
 PSYoungGen      total 183808K, used 16381K [0x00000000e0000000, 0x00000000ee800000, 0x0000000100000000)
  eden space 166912K, 0% used [0x00000000e0000000,0x00000000e0000000,0x00000000ea300000)
  from space 16896K, 96% used [0x00000000ea300000,0x00000000eb2ff7f8,0x00000000eb380000)
  to   space 18944K, 0% used [0x00000000ed580000,0x00000000ed580000,0x00000000ee800000)
 ParOldGen       total 134144K, used 33819K [0x00000000a0000000, 0x00000000a8300000, 0x00000000e0000000)
  object space 134144K, 25% used [0x00000000a0000000,0x00000000a2106d68,0x00000000a8300000)
 Metaspace       used 65835K, capacity 68526K, committed 68736K, reserved 1107968K
  class space    used 9141K, capacity 9752K, committed 9856K, reserved 1048576K
}
Event: 85.958 GC heap before
{Heap before GC invocations=17 (full 3):
 PSYoungGen      total 183808K, used 183293K [0x00000000e0000000, 0x00000000ee800000, 0x0000000100000000)
  eden space 166912K, 100% used [0x00000000e0000000,0x00000000ea300000,0x00000000ea300000)
  from space 16896K, 96% used [0x00000000ea300000,0x00000000eb2ff7f8,0x00000000eb380000)
  to   space 18944K, 0% used [0x00000000ed580000,0x00000000ed580000,0x00000000ee800000)
 ParOldGen       total 134144K, used 33819K [0x00000000a0000000, 0x00000000a8300000, 0x00000000e0000000)
  object space 134144K, 25% used [0x00000000a0000000,0x00000000a2106d68,0x00000000a8300000)
 Metaspace       used 73308K, capacity 76648K, committed 76800K, reserved 1116160K
  class space    used 9848K, capacity 10628K, committed 10752K, reserved 1048576K
Event: 85.997 GC heap after
Heap after GC invocations=17 (full 3):
 PSYoungGen      total 212992K, used 18925K [0x00000000e0000000, 0x00000000eeb80000, 0x0000000100000000)
  eden space 194048K, 0% used [0x00000000e0000000,0x00000000e0000000,0x00000000ebd80000)
  from space 18944K, 99% used [0x00000000ed580000,0x00000000ee7fb730,0x00000000ee800000)
  to   space 23552K, 0% used [0x00000000ebd80000,0x00000000ebd80000,0x00000000ed480000)
 ParOldGen       total 134144K, used 40409K [0x00000000a0000000, 0x00000000a8300000, 0x00000000e0000000)
  object space 134144K, 30% used [0x00000000a0000000,0x00000000a27765a0,0x00000000a8300000)
 Metaspace       used 73308K, capacity 76648K, committed 76800K, reserved 1116160K
  class space    used 9848K, capacity 10628K, committed 10752K, reserved 1048576K
}

